#
# There is insufficient memory for the Java Runtime Environment to continue.
# Native memory allocation (mmap) failed to map 983040 bytes for G1 virtual space
# Possible reasons:
#   The system is out of physical RAM or swap space
#   The process is running with CompressedOops enabled, and the Java Heap may be blocking the growth of the native heap
# Possible solutions:
#   Reduce memory load on the system
#   Increase physical memory or swap space
#   Check if swap backing store is full
#   Decrease Java heap size (-Xmx/-Xms)
#   Decrease number of Java threads
#   Decrease Java thread stack sizes (-Xss)
#   Set larger code cache with -XX:ReservedCodeCacheSize=
#   JVM is running with Unscaled Compressed Oops mode in which the Java heap is
#     placed in the first 4GB address space. The Java Heap base address is the
#     maximum limit for the native heap growth. Please use -XX:HeapBaseMinAddress
#     to set the Java Heap base and to place the Java Heap above 4GB virtual address.
# This output file may be truncated or incomplete.
#
#  Out of Memory Error (os_windows.cpp:3603), pid=2720, tid=29616
#
# JRE version:  (21.0.9+7) (build )
# Java VM: Java HotSpot(TM) 64-Bit Server VM (21.0.9+7-LTS-338, mixed mode, sharing, tiered, compressed oops, compressed class ptrs, g1 gc, windows-amd64)
# No core dump will be written. Minidumps are not enabled by default on client versions of Windows
#

---------------  S U M M A R Y ------------

Command Line: -Dclassworlds.conf=C:\Program Files\NetBeans-18\netbeans\java\maven\bin\m2.conf -Dmaven.home=C:\Program Files\NetBeans-18\netbeans\java\maven -Dlibrary.jansi.path=C:\Program Files\NetBeans-18\netbeans\java\maven\lib\jansi-native -Dmaven.multiModuleProjectDirectory=C:\Users\Windows\Documents\POO[1]\POO org.codehaus.plexus.classworlds.launcher.Launcher -Dexec.vmArgs= -Dexec.args=${exec.vmArgs} -classpath %classpath ${exec.mainClass} ${exec.appArgs} -Dexec.appArgs= -Dexec.mainClass=com.mycompany.jogo.CasinoSingleWindow -Dexec.executable=C:\Program Files\Java\jdk-21\bin\java.exe -Dmaven.ext.class.path=C:\Program Files\NetBeans-18\netbeans\java\maven-nblib\netbeans-eventspy.jar --no-transfer-progress process-classes org.codehaus.mojo:exec-maven-plugin:3.1.0:exec

Host: Intel(R) Core(TM) i3-1005G1 CPU @ 1.20GHz, 4 cores, 3G,  Windows 11 , 64 bit Build 22621 (10.0.22621.5415)
Time: Fri Nov 21 23:30:01 2025 Hora Padrão Brasil Central elapsed time: 0.062575 seconds (0d 0h 0m 0s)

---------------  T H R E A D  ---------------

Current thread (0x00000216b6835e20):  JavaThread "Unknown thread" [_thread_in_vm, id=29616, stack(0x000000b3d1200000,0x000000b3d1300000) (1024K)]

Stack: [0x000000b3d1200000,0x000000b3d1300000]
Native frames: (J=compiled Java code, j=interpreted, Vv=VM code, C=native code)
V  [jvm.dll+0x6cbf89]
V  [jvm.dll+0x858421]
V  [jvm.dll+0x85a94e]
V  [jvm.dll+0x85b023]
V  [jvm.dll+0x27ebc6]
V  [jvm.dll+0x6c8705]
V  [jvm.dll+0x6bd26a]
V  [jvm.dll+0x354a0a]
V  [jvm.dll+0x35c686]
V  [jvm.dll+0x3af7b3]
V  [jvm.dll+0x3afa48]
V  [jvm.dll+0x328d1c]
V  [jvm.dll+0x32987b]
V  [jvm.dll+0x821739]
V  [jvm.dll+0x3bc481]
V  [jvm.dll+0x80a9b8]
V  [jvm.dll+0x45166e]
V  [jvm.dll+0x453261]
C  [jli.dll+0x52a3]
C  [ucrtbase.dll+0x29333]
C  [KERNEL32.DLL+0x1259d]
C  [ntdll.dll+0x5af78]


---------------  P R O C E S S  ---------------

Threads class SMR info:
_java_thread_list=0x00007ff8dee9fc08, length=0, elements={
}

Java Threads: ( => current thread )
Total: 0

Other Threads:
  0x00000216b68ce900 WorkerThread "GC Thread#0"                     [id=12040, stack(0x000000b3d1300000,0x000000b3d1400000) (1024K)]
  0x00000216b8a82e40 ConcurrentGCThread "G1 Main Marker"            [id=9876, stack(0x000000b3d1400000,0x000000b3d1500000) (1024K)]
  0x00000216b8a85a20 WorkerThread "G1 Conc#0"                       [id=8412, stack(0x000000b3d1500000,0x000000b3d1600000) (1024K)]

[error occurred during error reporting (printing all threads), id 0xc0000005, EXCEPTION_ACCESS_VIOLATION (0xc0000005) at pc=0x00007ff8de60b4a7]
VM state: not at safepoint (not fully initialized)

VM Mutex/Monitor currently owned by a thread:  ([mutex/lock_event])
[0x00007ff8def10ef0] Heap_lock - owner thread: 0x00000216b6835e20

Heap address: 0x00000000c4000000, size: 960 MB, Compressed Oops mode: 32-bit

CDS archive(s) mapped at: [0x0000000000000000-0x0000000000000000-0x0000000000000000), size 0, SharedBaseAddress: 0x0000000800000000, ArchiveRelocationMode: 1.
Narrow klass base: 0x0000000000000000, Narrow klass shift: 0, Narrow klass range: 0x0

GC Precious Log:
 CardTable entry size: 512
 Card Set container configuration: InlinePtr #cards 5 size 8 Array Of Cards #cards 12 size 40 Howl #buckets 4 coarsen threshold 1843 Howl Bitmap #cards 512 size 80 coarsen threshold 460 Card regions per heap region 1 cards per card region 2048

Heap:
 garbage-first heap   total 0K, used 0K [0x00000000c4000000, 0x0000000100000000)
  region size 1024K, 0 young (0K), 0 survivors (0K)

[error occurred during error reporting (printing heap information), id 0xc0000005, EXCEPTION_ACCESS_VIOLATION (0xc0000005) at pc=0x00007ff8de9f4ff9]
GC Heap History (0 events):
No events

Dll operation events (1 events):
Event: 0.024 Loaded shared library C:\Program Files\Java\jdk-21\bin\java.dll

Deoptimization events (0 events):
No events

Classes loaded (0 events):
No events

Classes unloaded (0 events):
No events

Classes redefined (0 events):
No events

Internal exceptions (0 events):
No events

ZGC Phase Switch (0 events):
No events

VM Operations (0 events):
No events

Events (0 events):
No events


Dynamic libraries:
0x00007ff6d0730000 - 0x00007ff6d0740000 	C:\Program Files\Java\jdk-21\bin\java.exe
0x00007ff984e50000 - 0x00007ff985067000 	C:\WINDOWS\SYSTEM32\ntdll.dll
0x00007ff984620000 - 0x00007ff9846e4000 	C:\WINDOWS\System32\KERNEL32.DLL
0x00007ff982470000 - 0x00007ff982842000 	C:\WINDOWS\System32\KERNELBASE.dll
0x00007ff97cfc0000 - 0x00007ff97d057000 	C:\WINDOWS\SYSTEM32\apphelp.dll
0x00007ff9821e0000 - 0x00007ff9822f1000 	C:\WINDOWS\System32\ucrtbase.dll
0x00007ff96e480000 - 0x00007ff96e499000 	C:\Program Files\Java\jdk-21\bin\jli.dll
0x00007ff984ac0000 - 0x00007ff984b71000 	C:\WINDOWS\System32\ADVAPI32.dll
0x00007ff983040000 - 0x00007ff9830e7000 	C:\WINDOWS\System32\msvcrt.dll
0x00007ff983d60000 - 0x00007ff983e08000 	C:\WINDOWS\System32\sechost.dll
0x00007ff982850000 - 0x00007ff982878000 	C:\WINDOWS\System32\bcrypt.dll
0x00007ff983e90000 - 0x00007ff983fa4000 	C:\WINDOWS\System32\RPCRT4.dll
0x00007ff984be0000 - 0x00007ff984d91000 	C:\WINDOWS\System32\USER32.dll
0x00007ff982070000 - 0x00007ff982096000 	C:\WINDOWS\System32\win32u.dll
0x00007ff982de0000 - 0x00007ff982e09000 	C:\WINDOWS\System32\GDI32.dll
0x00007ff981f40000 - 0x00007ff982063000 	C:\WINDOWS\System32\gdi32full.dll
0x00007ff982a40000 - 0x00007ff982ada000 	C:\WINDOWS\System32\msvcp_win.dll
0x00007ff95e0a0000 - 0x00007ff95e0bb000 	C:\Program Files\Java\jdk-21\bin\VCRUNTIME140.dll
0x00007ff9811a0000 - 0x00007ff98143b000 	C:\WINDOWS\WinSxS\amd64_microsoft.windows.common-controls_6595b64144ccf1df_6.0.22621.5547_none_27104afb73855772\COMCTL32.dll
0x00007ff97e700000 - 0x00007ff97e70a000 	C:\WINDOWS\SYSTEM32\VERSION.dll
0x00007ff984900000 - 0x00007ff984931000 	C:\WINDOWS\System32\IMM32.DLL
0x00007ff92f500000 - 0x00007ff92f61a000 	C:\Program Files\Topaz OFD\Warsaw\wslbscr64.dll
0x00007ff9834b0000 - 0x00007ff983d52000 	C:\WINDOWS\System32\SHELL32.dll
0x00007ff9820a0000 - 0x00007ff9821df000 	C:\WINDOWS\System32\wintypes.dll
0x00007ff9830f0000 - 0x00007ff983483000 	C:\WINDOWS\System32\combase.dll
0x00007ff981810000 - 0x00007ff981844000 	C:\WINDOWS\SYSTEM32\ntmarta.dll
0x00007ff95ac50000 - 0x00007ff95ad4a000 	C:\Program Files\Topaz OFD\Warsaw\wslbscrwh64.dll
0x00007ff97afc0000 - 0x00007ff97afcc000 	C:\Program Files\Java\jdk-21\bin\vcruntime140_1.dll
0x00007ff9415e0000 - 0x00007ff94166e000 	C:\Program Files\Java\jdk-21\bin\msvcp140.dll
0x00007ff8de2d0000 - 0x00007ff8defed000 	C:\Program Files\Java\jdk-21\bin\server\jvm.dll
0x00007ff984a40000 - 0x00007ff984ab1000 	C:\WINDOWS\System32\WS2_32.dll
0x00007ff981850000 - 0x00007ff98189d000 	C:\WINDOWS\SYSTEM32\POWRPROF.dll
0x00007ff979fc0000 - 0x00007ff979ff4000 	C:\WINDOWS\SYSTEM32\WINMM.dll
0x00007ff981530000 - 0x00007ff981543000 	C:\WINDOWS\SYSTEM32\UMPDC.dll
0x00007ff9800d0000 - 0x00007ff9800e8000 	C:\WINDOWS\SYSTEM32\kernel.appcore.dll
0x00007ff974f40000 - 0x00007ff974f4a000 	C:\Program Files\Java\jdk-21\bin\jimage.dll
0x00007ff9818b0000 - 0x00007ff981ae3000 	C:\WINDOWS\SYSTEM32\DBGHELP.DLL
0x00007ff984960000 - 0x00007ff984a37000 	C:\WINDOWS\System32\OLEAUT32.dll
0x00007ff981740000 - 0x00007ff981772000 	C:\WINDOWS\SYSTEM32\dbgcore.DLL
0x00007ff982900000 - 0x00007ff98297b000 	C:\WINDOWS\System32\bcryptPrimitives.dll
0x00007ff957130000 - 0x00007ff95714f000 	C:\Program Files\Java\jdk-21\bin\java.dll

dbghelp: loaded successfully - version: 4.0.5 - missing functions: none
symbol engine: initialized successfully - sym options: 0x614 - pdb path: .;C:\Program Files\Java\jdk-21\bin;C:\WINDOWS\SYSTEM32;C:\WINDOWS\WinSxS\amd64_microsoft.windows.common-controls_6595b64144ccf1df_6.0.22621.5547_none_27104afb73855772;C:\Program Files\Topaz OFD\Warsaw;C:\Program Files\Java\jdk-21\bin\server

VM Arguments:
jvm_args: -Dclassworlds.conf=C:\Program Files\NetBeans-18\netbeans\java\maven\bin\m2.conf -Dmaven.home=C:\Program Files\NetBeans-18\netbeans\java\maven -Dlibrary.jansi.path=C:\Program Files\NetBeans-18\netbeans\java\maven\lib\jansi-native -Dmaven.multiModuleProjectDirectory=C:\Users\Windows\Documents\POO[1]\POO 
java_command: org.codehaus.plexus.classworlds.launcher.Launcher -Dexec.vmArgs= -Dexec.args=${exec.vmArgs} -classpath %classpath ${exec.mainClass} ${exec.appArgs} -Dexec.appArgs= -Dexec.mainClass=com.mycompany.jogo.CasinoSingleWindow -Dexec.executable=C:\Program Files\Java\jdk-21\bin\java.exe -Dmaven.ext.class.path=C:\Program Files\NetBeans-18\netbeans\java\maven-nblib\netbeans-eventspy.jar --no-transfer-progress process-classes org.codehaus.mojo:exec-maven-plugin:3.1.0:exec
java_class_path (initial): C:\Program Files\NetBeans-18\netbeans\java\maven\boot\plexus-classworlds-2.6.0.jar
Launcher Type: SUN_STANDARD

[Global flags]
     intx CICompilerCount                          = 3                                         {product} {ergonomic}
     uint ConcGCThreads                            = 1                                         {product} {ergonomic}
     uint G1ConcRefinementThreads                  = 4                                         {product} {ergonomic}
   size_t G1HeapRegionSize                         = 1048576                                   {product} {ergonomic}
    uintx GCDrainStackTargetSize                   = 64                                        {product} {ergonomic}
   size_t InitialHeapSize                          = 62914560                                  {product} {ergonomic}
   size_t MarkStackSize                            = 4194304                                   {product} {ergonomic}
   size_t MaxHeapSize                              = 1006632960                                {product} {ergonomic}
   size_t MinHeapDeltaBytes                        = 1048576                                   {product} {ergonomic}
   size_t MinHeapSize                              = 8388608                                   {product} {ergonomic}
    uintx NonNMethodCodeHeapSize                   = 5832780                                {pd product} {ergonomic}
    uintx NonProfiledCodeHeapSize                  = 122912730                              {pd product} {ergonomic}
    uintx ProfiledCodeHeapSize                     = 122912730                              {pd product} {ergonomic}
    uintx ReservedCodeCacheSize                    = 251658240                              {pd product} {ergonomic}
     bool SegmentedCodeCache                       = true                                      {product} {ergonomic}
   size_t SoftMaxHeapSize                          = 1006632960                             {manageable} {ergonomic}
     bool UseCompressedOops                        = true                           {product lp64_product} {ergonomic}
     bool UseG1GC                                  = true                                      {product} {ergonomic}
     bool UseLargePagesIndividualAllocation        = false                                  {pd product} {ergonomic}

Logging:
Log output configuration:
 #0: stdout all=warning uptime,level,tags foldmultilines=false
 #1: stderr all=off uptime,level,tags foldmultilines=false

Environment Variables:
JAVA_HOME=C:\Program Files\Java\jdk-21
PATH=C:\Program Files\Eclipse Adoptium\jdk-17.0.17.10-hotspot\bin;C:\Program Files\Common Files\Oracle\Java\javapath;C:\Program Files (x86)\Common Files\Oracle\Java\java8path;C:\Program Files (x86)\Common Files\Oracle\Java\javapath;C:\WINDOWS\system32;C:\WINDOWS;C:\WINDOWS\System32\Wbem;C:\WINDOWS\System32\WindowsPowerShell\v1.0\;C:\WINDOWS\System32\OpenSSH\;C:\Program Files\Git\cmd;C:\Program Files\Java\jdk1.8.0_471\bin;openjdk-25.0.1_windows-x64_bin;C:\Program Files\Java\openjdk-25.0.1_windows-x64_bin\bin;C:\Program Files\AdoptOpenJDK\jdk-17.0.17.10-hotspot\bin;C:\Program Files\OpenJDK\jdk-17.0.17\bin;C:\Users\Windows\AppData\Local\Microsoft\WindowsApps;C:\src\flutter\bin;C:\Users\Windows\AppData\Local\Programs\Microsoft VS Code\bin;
USERNAME=Windows
OS=Windows_NT
PROCESSOR_IDENTIFIER=Intel64 Family 6 Model 126 Stepping 5, GenuineIntel
TMP=C:\Users\Windows\AppData\Local\Temp
TEMP=C:\Users\Windows\AppData\Local\Temp




Periodic native trim disabled

---------------  S Y S T E M  ---------------

OS:
 Windows 11 , 64 bit Build 22621 (10.0.22621.5415)
OS uptime: 70 days 4:12 hours

CPU: total 4 (initial active 4) (2 cores per cpu, 2 threads per core) family 6 model 126 stepping 5 microcode 0xa6, cx8, cmov, fxsr, ht, mmx, 3dnowpref, sse, sse2, sse3, ssse3, sse4.1, sse4.2, popcnt, lzcnt, tsc, tscinvbit, avx, avx2, aes, erms, clmul, bmi1, bmi2, adx, avx512f, avx512dq, avx512cd, avx512bw, avx512vl, sha, fma, vzeroupper, avx512_vpopcntdq, avx512_vpclmulqdq, avx512_vaes, avx512_vnni, clflush, clflushopt, avx512_vbmi2, avx512_vbmi, rdtscp, rdpid, fsrm, gfni, avx512_bitalg, f16c, pku, avx512_ifma
Processor Information for all 4 processors :
  Max Mhz: 1201, Current Mhz: 1201, Mhz Limit: 1201

Memory: 4k page, system-wide physical 3835M (125M free)
TotalPageFile size 15611M (AvailPageFile size 3M)
current process WorkingSet (physical memory assigned to process): 15M, peak: 15M
current process commit charge ("private bytes"): 113M, peak: 114M

vm_info: Java HotSpot(TM) 64-Bit Server VM (21.0.9+7-LTS-338) for windows-amd64 JRE (21.0.9+7-LTS-338), built on 2025-09-26T06:33:49Z by "mach5run" with MS VC++ 17.6 (VS2022)

END.
